mode: set
marvai/cmd/marvai/main.go:12.13,14.59 2 0
marvai/cmd/marvai/main.go:14.59,17.3 2 0
marvai/main.go:12.13,14.59 2 0
marvai/main.go:14.59,17.3 2 0
marvai/internal/template.go:17.24,21.23 3 1
marvai/internal/template.go:21.23,23.3 1 1
marvai/internal/template.go:26.2,26.78 1 1
marvai/internal/template.go:26.78,27.16 1 1
marvai/internal/template.go:27.16,29.4 1 1
marvai/internal/template.go:30.3,32.30 3 1
marvai/internal/template.go:32.30,33.57 1 1
marvai/internal/template.go:33.57,35.5 1 1
marvai/internal/template.go:37.3,37.16 1 1
marvai/internal/template.go:40.2,40.26 1 1
marvai/internal/template.go:44.80,46.51 1 1
marvai/internal/template.go:46.51,48.3 1 1
marvai/internal/template.go:51.2,56.16 4 1
marvai/internal/template.go:56.16,58.3 1 1
marvai/internal/template.go:61.2,61.32 1 1
marvai/internal/template.go:61.32,63.3 1 0
marvai/internal/template.go:65.2,65.20 1 1
marvai/internal/template.go:69.46,71.31 1 1
marvai/internal/template.go:71.31,73.3 1 0
marvai/internal/template.go:76.2,79.37 3 1
marvai/internal/template.go:79.37,80.54 1 1
marvai/internal/template.go:80.54,82.31 2 1
marvai/internal/template.go:82.31,85.5 1 1
marvai/internal/template.go:86.9,86.61 1 1
marvai/internal/template.go:86.61,88.4 1 1
marvai/internal/template.go:92.2,100.44 2 1
marvai/internal/template.go:100.44,101.42 1 1
marvai/internal/template.go:101.42,103.4 1 1
marvai/internal/template.go:106.2,106.12 1 1
marvai/internal/template.go:110.73,113.33 2 1
marvai/internal/template.go:113.33,115.32 1 1
marvai/internal/template.go:115.32,116.12 1 0
marvai/internal/template.go:120.3,120.28 1 1
marvai/internal/template.go:120.28,122.4 1 1
marvai/internal/template.go:125.3,127.25 2 1
marvai/internal/template.go:130.2,130.18 1 1
marvai/internal/template.go:134.44,135.16 1 1
marvai/internal/template.go:135.16,137.3 1 0
marvai/internal/template.go:140.2,144.43 2 1
marvai/internal/template.go:144.43,145.24 1 1
marvai/internal/template.go:145.24,147.4 1 0
marvai/internal/template.go:151.2,151.25 1 1
marvai/internal/template.go:151.25,153.53 1 1
marvai/internal/template.go:153.53,155.4 1 0
marvai/internal/template.go:158.2,158.13 1 1
marvai/internal/template.go:162.41,168.26 3 1
marvai/internal/template.go:168.26,169.65 1 1
marvai/internal/template.go:169.65,171.4 1 1
marvai/internal/template.go:174.2,174.24 1 1
marvai/internal/marvai/marvai.go:29.72,31.2 1 0
marvai/internal/marvai/marvai.go:33.64,35.2 1 1
marvai/internal/marvai/marvai.go:38.104,45.14 2 1
marvai/internal/marvai/marvai.go:46.16,53.31 2 1
marvai/internal/marvai/marvai.go:53.31,55.4 1 1
marvai/internal/marvai/marvai.go:56.10,62.31 2 1
marvai/internal/marvai/marvai.go:62.31,66.4 1 1
marvai/internal/marvai/marvai.go:70.2,70.35 1 1
marvai/internal/marvai/marvai.go:70.35,71.36 1 1
marvai/internal/marvai/marvai.go:71.36,73.4 1 1
marvai/internal/marvai/marvai.go:77.2,77.56 1 1
marvai/internal/marvai/marvai.go:77.56,78.36 1 1
marvai/internal/marvai/marvai.go:78.36,80.4 1 1
marvai/internal/marvai/marvai.go:84.2,84.17 1 1
marvai/internal/marvai/marvai.go:88.43,89.37 1 1
marvai/internal/marvai/marvai.go:89.37,91.3 1 1
marvai/internal/marvai/marvai.go:94.2,95.45 2 1
marvai/internal/marvai/marvai.go:95.45,96.45 1 1
marvai/internal/marvai/marvai.go:96.45,98.4 1 0
marvai/internal/marvai/marvai.go:101.2,101.13 1 1
marvai/internal/marvai/marvai.go:105.63,108.16 2 1
marvai/internal/marvai/marvai.go:108.16,110.3 1 1
marvai/internal/marvai/marvai.go:113.2,113.34 1 1
marvai/internal/marvai/marvai.go:113.34,115.3 1 0
marvai/internal/marvai/marvai.go:118.2,118.38 1 1
marvai/internal/marvai/marvai.go:118.38,120.3 1 0
marvai/internal/marvai/marvai.go:123.2,124.39 2 1
marvai/internal/marvai/marvai.go:124.39,126.3 1 0
marvai/internal/marvai/marvai.go:129.2,130.42 2 1
marvai/internal/marvai/marvai.go:130.42,131.46 1 1
marvai/internal/marvai/marvai.go:131.46,133.4 1 0
marvai/internal/marvai/marvai.go:136.2,136.13 1 1
marvai/internal/marvai/marvai.go:140.32,142.16 2 1
marvai/internal/marvai/marvai.go:142.16,144.3 1 0
marvai/internal/marvai/marvai.go:145.2,145.94 1 1
marvai/internal/marvai/marvai.go:149.50,150.22 1 1
marvai/internal/marvai/marvai.go:150.22,152.3 1 1
marvai/internal/marvai/marvai.go:154.2,154.27 1 1
marvai/internal/marvai/marvai.go:154.27,156.3 1 1
marvai/internal/marvai/marvai.go:159.2,159.40 1 1
marvai/internal/marvai/marvai.go:159.40,161.3 1 1
marvai/internal/marvai/marvai.go:163.2,163.39 1 1
marvai/internal/marvai/marvai.go:163.39,165.3 1 1
marvai/internal/marvai/marvai.go:167.2,167.40 1 1
marvai/internal/marvai/marvai.go:167.40,169.3 1 1
marvai/internal/marvai/marvai.go:172.2,172.31 1 1
marvai/internal/marvai/marvai.go:172.31,173.25 1 1
marvai/internal/marvai/marvai.go:173.25,175.4 1 1
marvai/internal/marvai/marvai.go:178.2,178.12 1 1
marvai/internal/marvai/marvai.go:182.65,183.55 1 1
marvai/internal/marvai/marvai.go:183.55,185.3 1 1
marvai/internal/marvai/marvai.go:187.2,190.65 2 1
marvai/internal/marvai/marvai.go:190.65,192.3 1 0
marvai/internal/marvai/marvai.go:195.2,195.70 1 1
marvai/internal/marvai/marvai.go:195.70,197.3 1 0
marvai/internal/marvai/marvai.go:199.2,199.39 1 1
marvai/internal/marvai/marvai.go:203.67,205.43 1 1
marvai/internal/marvai/marvai.go:205.43,207.17 2 1
marvai/internal/marvai/marvai.go:207.17,210.4 1 1
marvai/internal/marvai/marvai.go:212.3,212.57 1 1
marvai/internal/marvai/marvai.go:212.57,214.4 1 0
marvai/internal/marvai/marvai.go:216.2,216.12 1 1
marvai/internal/marvai/marvai.go:220.63,225.73 2 1
marvai/internal/marvai/marvai.go:225.73,227.3 1 0
marvai/internal/marvai/marvai.go:230.2,230.39 1 1
marvai/internal/marvai/marvai.go:230.39,232.3 1 0
marvai/internal/marvai/marvai.go:234.2,234.12 1 1
marvai/internal/marvai/marvai.go:238.115,240.16 2 1
marvai/internal/marvai/marvai.go:240.16,242.3 1 0
marvai/internal/marvai/marvai.go:244.2,250.16 6 1
marvai/internal/marvai/marvai.go:250.16,252.3 1 0
marvai/internal/marvai/marvai.go:254.2,254.36 1 1
marvai/internal/marvai/marvai.go:254.36,257.3 2 1
marvai/internal/marvai/marvai.go:260.2,261.12 2 1
marvai/internal/marvai/marvai.go:261.12,265.3 3 1
marvai/internal/marvai/marvai.go:268.2,271.9 2 1
marvai/internal/marvai/marvai.go:272.26,273.40 1 1
marvai/internal/marvai/marvai.go:273.40,276.4 1 0
marvai/internal/marvai/marvai.go:277.37,279.67 1 0
marvai/internal/marvai/marvai.go:282.2,282.20 1 1
marvai/internal/marvai/marvai.go:282.20,284.3 1 0
marvai/internal/marvai/marvai.go:286.2,286.12 1 1
marvai/internal/marvai/marvai.go:290.58,292.2 1 0
marvai/internal/marvai/marvai.go:309.71,311.55 1 1
marvai/internal/marvai/marvai.go:311.55,313.3 1 0
marvai/internal/marvai/marvai.go:315.2,316.16 2 1
marvai/internal/marvai/marvai.go:316.16,318.3 1 0
marvai/internal/marvai/marvai.go:321.2,321.33 1 1
marvai/internal/marvai/marvai.go:321.33,323.3 1 0
marvai/internal/marvai/marvai.go:325.2,330.29 5 1
marvai/internal/marvai/marvai.go:330.29,331.38 1 1
marvai/internal/marvai/marvai.go:331.38,333.12 2 1
marvai/internal/marvai/marvai.go:336.3,336.17 1 1
marvai/internal/marvai/marvai.go:336.17,338.4 1 1
marvai/internal/marvai/marvai.go:338.9,340.4 1 1
marvai/internal/marvai/marvai.go:343.2,344.26 2 1
marvai/internal/marvai/marvai.go:344.26,348.34 2 1
marvai/internal/marvai/marvai.go:348.34,350.4 1 0
marvai/internal/marvai/marvai.go:352.3,352.72 1 1
marvai/internal/marvai/marvai.go:352.72,354.4 1 1
marvai/internal/marvai/marvai.go:357.3,357.60 1 1
marvai/internal/marvai/marvai.go:357.60,359.4 1 0
marvai/internal/marvai/marvai.go:362.2,368.8 3 1
marvai/internal/marvai/marvai.go:372.50,374.38 1 1
marvai/internal/marvai/marvai.go:374.38,376.3 1 0
marvai/internal/marvai/marvai.go:378.2,378.37 1 1
marvai/internal/marvai/marvai.go:378.37,380.3 1 0
marvai/internal/marvai/marvai.go:382.2,382.25 1 1
marvai/internal/marvai/marvai.go:382.25,384.3 1 0
marvai/internal/marvai/marvai.go:386.2,386.12 1 1
marvai/internal/marvai/marvai.go:390.64,391.26 1 1
marvai/internal/marvai/marvai.go:391.26,393.3 1 0
marvai/internal/marvai/marvai.go:395.2,395.37 1 1
marvai/internal/marvai/marvai.go:395.37,397.45 1 1
marvai/internal/marvai/marvai.go:397.45,399.4 1 0
marvai/internal/marvai/marvai.go:402.3,402.36 1 1
marvai/internal/marvai/marvai.go:402.36,404.4 1 0
marvai/internal/marvai/marvai.go:407.3,407.55 1 1
marvai/internal/marvai/marvai.go:407.55,409.4 1 0
marvai/internal/marvai/marvai.go:412.2,412.12 1 1
marvai/internal/marvai/marvai.go:416.49,417.16 1 1
marvai/internal/marvai/marvai.go:417.16,419.3 1 0
marvai/internal/marvai/marvai.go:422.2,426.43 2 1
marvai/internal/marvai/marvai.go:426.43,427.24 1 1
marvai/internal/marvai/marvai.go:427.24,429.4 1 0
marvai/internal/marvai/marvai.go:433.2,433.25 1 1
marvai/internal/marvai/marvai.go:433.25,435.53 1 1
marvai/internal/marvai/marvai.go:435.53,437.4 1 0
marvai/internal/marvai/marvai.go:440.2,440.13 1 1
marvai/internal/marvai/marvai.go:444.75,446.2 1 0
marvai/internal/marvai/marvai.go:449.103,453.37 3 0
marvai/internal/marvai/marvai.go:453.37,455.21 2 0
marvai/internal/marvai/marvai.go:455.21,457.43 2 0
marvai/internal/marvai/marvai.go:457.43,459.5 1 0
marvai/internal/marvai/marvai.go:460.4,460.34 1 0
marvai/internal/marvai/marvai.go:461.9,462.40 1 0
marvai/internal/marvai/marvai.go:462.40,464.5 1 0
marvai/internal/marvai/marvai.go:465.4,465.80 1 0
marvai/internal/marvai/marvai.go:469.2,469.20 1 0
marvai/internal/marvai/marvai.go:473.85,475.2 1 0
marvai/internal/marvai/marvai.go:478.60,479.56 1 0
marvai/internal/marvai/marvai.go:479.56,481.3 1 0
marvai/internal/marvai/marvai.go:483.2,486.16 3 0
marvai/internal/marvai/marvai.go:486.16,488.3 1 0
marvai/internal/marvai/marvai.go:490.2,491.16 2 0
marvai/internal/marvai/marvai.go:491.16,493.3 1 0
marvai/internal/marvai/marvai.go:495.2,496.16 2 0
marvai/internal/marvai/marvai.go:496.16,498.3 1 0
marvai/internal/marvai/marvai.go:500.2,500.53 1 0
marvai/internal/marvai/marvai.go:500.53,502.3 1 0
marvai/internal/marvai/marvai.go:504.2,505.83 2 0
marvai/internal/marvai/marvai.go:505.83,507.3 1 0
marvai/internal/marvai/marvai.go:509.2,510.12 2 0
marvai/internal/marvai/marvai.go:514.62,515.19 1 1
marvai/internal/marvai/marvai.go:515.19,521.3 5 1
marvai/internal/marvai/marvai.go:523.2,525.17 2 1
marvai/internal/marvai/marvai.go:526.16,527.20 1 1
marvai/internal/marvai/marvai.go:527.20,530.4 2 1
marvai/internal/marvai/marvai.go:531.3,532.39 2 0
marvai/internal/marvai/marvai.go:534.17,535.20 1 1
marvai/internal/marvai/marvai.go:535.20,538.4 2 1
marvai/internal/marvai/marvai.go:539.3,540.41 2 0
marvai/internal/marvai/marvai.go:542.10,545.39 2 0
