mode: set
marvai/cmd/marvai/main.go:12.13,14.59 2 0
marvai/cmd/marvai/main.go:14.59,17.3 2 0
marvai/internal/marvai/marvai.go:23.72,25.2 1 1
marvai/internal/marvai/marvai.go:27.64,29.2 1 1
marvai/internal/marvai/marvai.go:32.104,34.56 1 1
marvai/internal/marvai/marvai.go:34.56,36.3 1 1
marvai/internal/marvai/marvai.go:39.2,41.14 2 1
marvai/internal/marvai/marvai.go:42.16,48.4 1 1
marvai/internal/marvai/marvai.go:49.10,55.4 1 1
marvai/internal/marvai/marvai.go:59.2,59.38 1 1
marvai/internal/marvai/marvai.go:59.38,60.42 1 1
marvai/internal/marvai/marvai.go:60.42,62.4 1 1
marvai/internal/marvai/marvai.go:66.2,66.17 1 1
marvai/internal/marvai/marvai.go:70.32,73.2 2 1
marvai/internal/marvai/marvai.go:76.65,79.2 2 1
marvai/internal/marvai/marvai.go:82.115,84.16 2 1
marvai/internal/marvai/marvai.go:84.16,86.3 1 1
marvai/internal/marvai/marvai.go:88.2,94.16 6 1
marvai/internal/marvai/marvai.go:94.16,96.3 1 0
marvai/internal/marvai/marvai.go:98.2,98.36 1 1
marvai/internal/marvai/marvai.go:98.36,100.3 1 0
marvai/internal/marvai/marvai.go:102.2,102.12 1 1
marvai/internal/marvai/marvai.go:102.12,105.3 2 1
marvai/internal/marvai/marvai.go:107.2,107.35 1 1
marvai/internal/marvai/marvai.go:107.35,109.3 1 0
marvai/internal/marvai/marvai.go:111.2,111.12 1 1
marvai/internal/marvai/marvai.go:115.58,117.2 1 1
marvai/internal/marvai/marvai.go:120.62,121.19 1 1
marvai/internal/marvai/marvai.go:121.19,124.3 2 1
marvai/internal/marvai/marvai.go:126.2,127.38 2 1
marvai/main.go:12.13,14.59 2 0
marvai/main.go:14.59,17.3 2 0
